<?xml version="1.0" encoding="UTF-8"?>
<testsuite xmlns:xsi="http://www.w3.org/2001/XMLSchema-instance" xsi:noNamespaceSchemaLocation="https://maven.apache.org/surefire/maven-surefire-plugin/xsd/surefire-test-report.xsd" name="TestSuite" time="35.514" tests="5" errors="0" skipped="0" failures="0">
  <properties>
[...]
</properties>
  <testcase name="basePageNavigation" classname="Academy.HomePage" time="10.782"/>
  <testcase name="basePageNavigation" classname="Academy.HomePage" time="4.492"/>
  <testcase name="validateAppTitle" classname="Academy.validateTitle" time="0.043"/>
  <testcase name="validateTitleHeader" classname="Academy.validateTitle" time="0.035"/>
  <testcase name="validateAppNavBar" classname="Academy.validateNavigationBar" time="0.081"/>
</testsuite>