<?xml version="1.0" encoding="UTF-8"?>
<testng-results ignored="0" total="4" passed="4" failed="0" skipped="0">
  <reporter-output>
  </reporter-output>
  <suite started-at="2019-09-23T20:47:09 IDT" name="Suite" finished-at="2019-09-23T20:47:50 IDT" duration-ms="40931">
    <groups>
    </groups>
    <test started-at="2019-09-23T20:47:09 IDT" name="Validating User login" finished-at="2019-09-23T20:47:30 IDT" duration-ms="21684">
      <class name="Academy.HomePage">
        <test-method is-config="true" signature="initialize()[pri:0, instance:Academy.HomePage@3234f74e]" started-at="2019-09-23T20:47:09 IDT" name="initialize" finished-at="2019-09-23T20:47:12 IDT" duration-ms="3480" status="PASS">
          <reporter-output>
          </reporter-output>
        </test-method> <!-- initialize -->
        <test-method signature="basePageNavigation(java.lang.String, java.lang.String, java.lang.String)[pri:0, instance:Academy.HomePage@3234f74e]" started-at="2019-09-23T20:47:12 IDT" name="basePageNavigation" data-provider="getData" finished-at="2019-09-23T20:47:24 IDT" duration-ms="11657" status="PASS">
          <params>
            <param index="0">
              <value>
                <![CDATA[nonrestricteduser@qw.com]]>
              </value>
            </param>
            <param index="1">
              <value>
                <![CDATA[123456]]>
              </value>
            </param>
            <param index="2">
              <value>
                <![CDATA[Restrcited User]]>
              </value>
            </param>
          </params>
          <reporter-output>
          </reporter-output>
        </test-method> <!-- basePageNavigation -->
        <test-method signature="basePageNavigation(java.lang.String, java.lang.String, java.lang.String)[pri:0, instance:Academy.HomePage@3234f74e]" started-at="2019-09-23T20:47:24 IDT" name="basePageNavigation" data-provider="getData" finished-at="2019-09-23T20:47:30 IDT" duration-ms="6316" status="PASS">
          <params>
            <param index="0">
              <value>
                <![CDATA[restricteduser@qw.com]]>
              </value>
            </param>
            <param index="1">
              <value>
                <![CDATA[456788]]>
              </value>
            </param>
            <param index="2">
              <value>
                <![CDATA[Non restricted user]]>
              </value>
            </param>
          </params>
          <reporter-output>
          </reporter-output>
        </test-method> <!-- basePageNavigation -->
        <test-method is-config="true" signature="teardown()[pri:0, instance:Academy.HomePage@3234f74e]" started-at="2019-09-23T20:47:30 IDT" name="teardown" finished-at="2019-09-23T20:47:30 IDT" duration-ms="137" status="PASS">
          <reporter-output>
          </reporter-output>
        </test-method> <!-- teardown -->
      </class> <!-- Academy.HomePage -->
    </test> <!-- Validating User login -->
    <test started-at="2019-09-23T20:47:30 IDT" name="Validating title in the Page" finished-at="2019-09-23T20:47:39 IDT" duration-ms="8952">
      <class name="Academy.validateTitle">
        <test-method is-config="true" signature="initialize()[pri:0, instance:Academy.validateTitle@6d24ffa1]" started-at="2019-09-23T20:47:30 IDT" name="initialize" finished-at="2019-09-23T20:47:39 IDT" duration-ms="8685" status="PASS">
          <reporter-output>
          </reporter-output>
        </test-method> <!-- initialize -->
        <test-method signature="validateAppTitle()[pri:0, instance:Academy.validateTitle@6d24ffa1]" started-at="2019-09-23T20:47:39 IDT" name="validateAppTitle" finished-at="2019-09-23T20:47:39 IDT" duration-ms="51" status="PASS">
          <reporter-output>
          </reporter-output>
        </test-method> <!-- validateAppTitle -->
        <test-method is-config="true" signature="teardown()[pri:0, instance:Academy.validateTitle@6d24ffa1]" started-at="2019-09-23T20:47:39 IDT" name="teardown" finished-at="2019-09-23T20:47:39 IDT" duration-ms="209" status="PASS">
          <reporter-output>
          </reporter-output>
        </test-method> <!-- teardown -->
      </class> <!-- Academy.validateTitle -->
    </test> <!-- Validating title in the Page -->
    <test started-at="2019-09-23T20:47:40 IDT" name="App Testing" finished-at="2019-09-23T20:47:40 IDT" duration-ms="1">
    </test> <!-- App Testing -->
    <test started-at="2019-09-23T20:47:40 IDT" name="Validating navigation Bar" finished-at="2019-09-23T20:47:50 IDT" duration-ms="10040">
      <class name="Academy.validateNavigationBar">
        <test-method is-config="true" signature="initialize()[pri:0, instance:Academy.validateNavigationBar@649f2009]" started-at="2019-09-23T20:47:40 IDT" name="initialize" finished-at="2019-09-23T20:47:49 IDT" duration-ms="9654" status="PASS">
          <reporter-output>
          </reporter-output>
        </test-method> <!-- initialize -->
        <test-method signature="validateAppNavBar()[pri:0, instance:Academy.validateNavigationBar@649f2009]" started-at="2019-09-23T20:47:49 IDT" name="validateAppNavBar" finished-at="2019-09-23T20:47:49 IDT" duration-ms="144" status="PASS">
          <reporter-output>
          </reporter-output>
        </test-method> <!-- validateAppNavBar -->
        <test-method is-config="true" signature="teardown()[pri:0, instance:Academy.validateNavigationBar@649f2009]" started-at="2019-09-23T20:47:49 IDT" name="teardown" finished-at="2019-09-23T20:47:50 IDT" duration-ms="236" status="PASS">
          <reporter-output>
          </reporter-output>
        </test-method> <!-- teardown -->
      </class> <!-- Academy.validateNavigationBar -->
    </test> <!-- Validating navigation Bar -->
  </suite> <!-- Suite -->
</testng-results>
