<?xml version="1.0" encoding="UTF-8"?>
<testng-results ignored="0" total="5" passed="5" failed="0" skipped="0">
  <reporter-output>
  </reporter-output>
  <suite started-at="2019-09-27T08:52:55 IDT" name="Suite" finished-at="2019-09-27T08:53:38 IDT" duration-ms="43277">
    <groups>
    </groups>
    <test started-at="2019-09-27T08:52:55 IDT" name="Validating User login" finished-at="2019-09-27T08:53:17 IDT" duration-ms="22642">
      <class name="Academy.HomePage">
        <test-method is-config="true" signature="initialize()[pri:0, instance:Academy.HomePage@3234f74e]" started-at="2019-09-27T08:52:55 IDT" name="initialize" finished-at="2019-09-27T08:52:59 IDT" duration-ms="4754" status="PASS">
          <reporter-output>
          </reporter-output>
        </test-method> <!-- initialize -->
        <test-method signature="basePageNavigation(java.lang.String, java.lang.String, java.lang.String)[pri:0, instance:Academy.HomePage@3234f74e]" started-at="2019-09-27T08:52:59 IDT" name="basePageNavigation" data-provider="getData" finished-at="2019-09-27T08:53:12 IDT" duration-ms="12646" status="PASS">
          <params>
            <param index="0">
              <value>
                <![CDATA[nonrestricteduser@qw.com]]>
              </value>
            </param>
            <param index="1">
              <value>
                <![CDATA[123456]]>
              </value>
            </param>
            <param index="2">
              <value>
                <![CDATA[Restrcited User]]>
              </value>
            </param>
          </params>
          <reporter-output>
          </reporter-output>
        </test-method> <!-- basePageNavigation -->
        <test-method signature="basePageNavigation(java.lang.String, java.lang.String, java.lang.String)[pri:0, instance:Academy.HomePage@3234f74e]" started-at="2019-09-27T08:53:12 IDT" name="basePageNavigation" data-provider="getData" finished-at="2019-09-27T08:53:17 IDT" duration-ms="5057" status="PASS">
          <params>
            <param index="0">
              <value>
                <![CDATA[restricteduser@qw.com]]>
              </value>
            </param>
            <param index="1">
              <value>
                <![CDATA[456788]]>
              </value>
            </param>
            <param index="2">
              <value>
                <![CDATA[Non restricted user]]>
              </value>
            </param>
          </params>
          <reporter-output>
          </reporter-output>
        </test-method> <!-- basePageNavigation -->
        <test-method is-config="true" signature="teardown()[pri:0, instance:Academy.HomePage@3234f74e]" started-at="2019-09-27T08:53:17 IDT" name="teardown" finished-at="2019-09-27T08:53:17 IDT" duration-ms="96" status="PASS">
          <reporter-output>
          </reporter-output>
        </test-method> <!-- teardown -->
      </class> <!-- Academy.HomePage -->
    </test> <!-- Validating User login -->
    <test started-at="2019-09-27T08:53:17 IDT" name="Validating title in the Page" finished-at="2019-09-27T08:53:27 IDT" duration-ms="9712">
      <class name="Academy.validateTitle">
        <test-method is-config="true" signature="initialize()[pri:0, instance:Academy.validateTitle@65a4798f]" started-at="2019-09-27T08:53:17 IDT" name="initialize" finished-at="2019-09-27T08:53:25 IDT" duration-ms="7208" status="PASS">
          <reporter-output>
          </reporter-output>
        </test-method> <!-- initialize -->
        <test-method signature="validateAppTitle()[pri:0, instance:Academy.validateTitle@65a4798f]" started-at="2019-09-27T08:53:25 IDT" name="validateAppTitle" finished-at="2019-09-27T08:53:25 IDT" duration-ms="93" status="PASS">
          <reporter-output>
          </reporter-output>
        </test-method> <!-- validateAppTitle -->
        <test-method signature="validateTitleHeader()[pri:0, instance:Academy.validateTitle@65a4798f]" started-at="2019-09-27T08:53:25 IDT" name="validateTitleHeader" finished-at="2019-09-27T08:53:25 IDT" duration-ms="46" status="PASS">
          <reporter-output>
          </reporter-output>
        </test-method> <!-- validateTitleHeader -->
        <test-method is-config="true" signature="teardown()[pri:0, instance:Academy.validateTitle@65a4798f]" started-at="2019-09-27T08:53:25 IDT" name="teardown" finished-at="2019-09-27T08:53:27 IDT" duration-ms="2344" status="PASS">
          <reporter-output>
          </reporter-output>
        </test-method> <!-- teardown -->
      </class> <!-- Academy.validateTitle -->
    </test> <!-- Validating title in the Page -->
    <test started-at="2019-09-27T08:53:27 IDT" name="App Testing" finished-at="2019-09-27T08:53:27 IDT" duration-ms="2">
    </test> <!-- App Testing -->
    <test started-at="2019-09-27T08:53:27 IDT" name="Validating navigation Bar" finished-at="2019-09-27T08:53:38 IDT" duration-ms="10566">
      <class name="Academy.validateNavigationBar">
        <test-method is-config="true" signature="initialize()[pri:0, instance:Academy.validateNavigationBar@14bb2297]" started-at="2019-09-27T08:53:27 IDT" name="initialize" finished-at="2019-09-27T08:53:36 IDT" duration-ms="8385" status="PASS">
          <reporter-output>
          </reporter-output>
        </test-method> <!-- initialize -->
        <test-method signature="validateAppNavBar()[pri:0, instance:Academy.validateNavigationBar@14bb2297]" started-at="2019-09-27T08:53:36 IDT" name="validateAppNavBar" finished-at="2019-09-27T08:53:36 IDT" duration-ms="99" status="PASS">
          <reporter-output>
          </reporter-output>
        </test-method> <!-- validateAppNavBar -->
        <test-method is-config="true" signature="teardown()[pri:0, instance:Academy.validateNavigationBar@14bb2297]" started-at="2019-09-27T08:53:36 IDT" name="teardown" finished-at="2019-09-27T08:53:38 IDT" duration-ms="2080" status="PASS">
          <reporter-output>
          </reporter-output>
        </test-method> <!-- teardown -->
      </class> <!-- Academy.validateNavigationBar -->
    </test> <!-- Validating navigation Bar -->
  </suite> <!-- Suite -->
</testng-results>
